<?xml version="1.0" encoding="UTF-8"?>
<coverage generated="1707461622425" clover="3.2.0">
  <project timestamp="1707461622425" name="All files">
    <metrics statements="22" coveredstatements="7" conditionals="4" coveredconditionals="0" methods="7" coveredmethods="1" elements="33" coveredelements="8" complexity="0" loc="22" ncloc="22" packages="1" files="1" classes="1"/>
    <file name="mainController.js" path="C:\Users\firea\Documents\FullStackDH\TrabajoIntegrador\grupo_4_eCommerceApp\uhSabadu\src\controllers\mainController.js">
      <metrics statements="22" coveredstatements="7" conditionals="4" coveredconditionals="0" methods="7" coveredmethods="1"/>
      <line num="1" count="1" type="stmt"/>
      <line num="2" count="1" type="stmt"/>
      <line num="4" count="1" type="stmt"/>
      <line num="5" count="1" type="stmt"/>
      <line num="7" count="1" type="stmt"/>
      <line num="8" count="1" type="stmt"/>
      <line num="11" count="0" type="stmt"/>
      <line num="12" count="0" type="stmt"/>
      <line num="15" count="0" type="stmt"/>
      <line num="16" count="0" type="stmt"/>
      <line num="20" count="0" type="stmt"/>
      <line num="21" count="0" type="stmt"/>
      <line num="24" count="0" type="stmt"/>
      <line num="25" count="0" type="stmt"/>
      <line num="30" count="0" type="stmt"/>
      <line num="33" count="0" type="stmt"/>
      <line num="34" count="0" type="cond" truecount="0" falsecount="2"/>
      <line num="37" count="0" type="stmt"/>
      <line num="38" count="0" type="cond" truecount="0" falsecount="2"/>
      <line num="39" count="0" type="stmt"/>
      <line num="42" count="0" type="stmt"/>
      <line num="47" count="1" type="stmt"/>
    </file>
  </project>
</coverage>
