{"C:\\Users\\firea\\Documents\\FullStackDH\\TrabajoIntegrador\\grupo_4_eCommerceApp\\uhSabadu\\src\\controllers\\mainController.js": {"path":"C:\\Users\\firea\\Documents\\FullStackDH\\TrabajoIntegrador\\grupo_4_eCommerceApp\\uhSabadu\\src\\controllers\\mainController.js","statementMap":{"0":{"start":{"line":1,"column":11},"end":{"line":1,"column":24}},"1":{"start":{"line":2,"column":13},"end":{"line":2,"column":28}},"2":{"start":{"line":4,"column":25},"end":{"line":4,"column":82}},"3":{"start":{"line":5,"column":25},"end":{"line":5,"column":79}},"4":{"start":{"line":7,"column":19},"end":{"line":45,"column":1}},"5":{"start":{"line":8,"column":19},"end":{"line":8,"column":69}},"6":{"start":{"line":11,"column":17},"end":{"line":11,"column":61}},"7":{"start":{"line":12,"column":2},"end":{"line":12,"column":22}},"8":{"start":{"line":15,"column":16},"end":{"line":15,"column":64}},"9":{"start":{"line":16,"column":2},"end":{"line":16,"column":22}},"10":{"start":{"line":20,"column":16},"end":{"line":20,"column":76}},"11":{"start":{"line":21,"column":2},"end":{"line":21,"column":22}},"12":{"start":{"line":24,"column":16},"end":{"line":24,"column":61}},"13":{"start":{"line":25,"column":2},"end":{"line":25,"column":22}},"14":{"start":{"line":30,"column":17},"end":{"line":30,"column":49}},"15":{"start":{"line":33,"column":17},"end":{"line":36,"column":4}},"16":{"start":{"line":34,"column":3},"end":{"line":35,"column":56}},"17":{"start":{"line":37,"column":17},"end":{"line":37,"column":78}},"18":{"start":{"line":38,"column":2},"end":{"line":43,"column":3}},"19":{"start":{"line":39,"column":3},"end":{"line":39,"column":56}},"20":{"start":{"line":42,"column":3},"end":{"line":42,"column":44}},"21":{"start":{"line":47,"column":0},"end":{"line":47,"column":28}}},"fnMap":{"0":{"name":"(anonymous_0)","decl":{"start":{"line":8,"column":14},"end":{"line":8,"column":15}},"loc":{"start":{"line":8,"column":19},"end":{"line":8,"column":69}},"line":8},"1":{"name":"(anonymous_1)","decl":{"start":{"line":10,"column":8},"end":{"line":10,"column":9}},"loc":{"start":{"line":10,"column":22},"end":{"line":13,"column":2}},"line":10},"2":{"name":"(anonymous_2)","decl":{"start":{"line":14,"column":11},"end":{"line":14,"column":12}},"loc":{"start":{"line":14,"column":25},"end":{"line":17,"column":2}},"line":14},"3":{"name":"(anonymous_3)","decl":{"start":{"line":19,"column":16},"end":{"line":19,"column":17}},"loc":{"start":{"line":19,"column":30},"end":{"line":22,"column":2}},"line":19},"4":{"name":"(anonymous_4)","decl":{"start":{"line":23,"column":8},"end":{"line":23,"column":9}},"loc":{"start":{"line":23,"column":22},"end":{"line":26,"column":2}},"line":23},"5":{"name":"(anonymous_5)","decl":{"start":{"line":28,"column":9},"end":{"line":28,"column":10}},"loc":{"start":{"line":28,"column":23},"end":{"line":44,"column":2}},"line":28},"6":{"name":"(anonymous_6)","decl":{"start":{"line":33,"column":41},"end":{"line":33,"column":42}},"loc":{"start":{"line":33,"column":52},"end":{"line":36,"column":3}},"line":33}},"branchMap":{"0":{"loc":{"start":{"line":34,"column":11},"end":{"line":35,"column":55}},"type":"binary-expr","locations":[{"start":{"line":34,"column":11},"end":{"line":34,"column":56}},{"start":{"line":35,"column":3},"end":{"line":35,"column":55}}],"line":34},"1":{"loc":{"start":{"line":38,"column":2},"end":{"line":43,"column":3}},"type":"if","locations":[{"start":{"line":38,"column":2},"end":{"line":43,"column":3}},{"start":{"line":40,"column":8},"end":{"line":43,"column":3}}],"line":38}},"s":{"0":1,"1":1,"2":1,"3":1,"4":1,"5":1,"6":0,"7":0,"8":0,"9":0,"10":0,"11":0,"12":0,"13":0,"14":0,"15":0,"16":0,"17":0,"18":0,"19":0,"20":0,"21":1},"f":{"0":1,"1":0,"2":0,"3":0,"4":0,"5":0,"6":0},"b":{"0":[0,0],"1":[0,0]},"_coverageSchema":"1a1c01bbd47fc00a2c39e90264f33305004495a9","hash":"af30713793c309259cfcb5e97107b169a257a239"}
}
